<?xml version="1.0" encoding="UTF-8"?>
<!-- Generated by org.testng.reporters.JUnitXMLReporter -->
<testsuite ignored="0" hostname="niamh-laptop" failures="0" tests="4" name="Command line test" time="0.069" errors="0" timestamp="2023-01-24T17:15:10 SAST">
  <testcase classname="TestDirectory" name="testAddFile" time="0.01"/>
  <testcase classname="TestDirectory" name="testDirectoryConstructor" time="0.002"/>
  <testcase classname="TestDirectory" name="testGetFiles" time="0.0"/>
  <testcase classname="TestDirectory" name="testSize" time="0.0"/>
</testsuite> <!-- Command line test -->
