<?xml version="1.0" encoding="UTF-8"?>
<testng-results ignored="0" total="4" passed="4" failed="0" skipped="0">
  <reporter-output>
  </reporter-output>
  <suite started-at="2023-01-24T17:15:10 SAST" name="Command line suite" finished-at="2023-01-24T17:15:10 SAST" duration-ms="69">
    <groups>
    </groups>
    <test started-at="2023-01-24T17:15:10 SAST" name="Command line test" finished-at="2023-01-24T17:15:10 SAST" duration-ms="69">
      <class name="TestDirectory">
        <test-method signature="testAddFile()[pri:0, instance:TestDirectory@7cbd213e]" started-at="2023-01-24T17:15:10 SAST" name="testAddFile" finished-at="2023-01-24T17:15:10 SAST" duration-ms="10" status="PASS">
          <reporter-output>
          </reporter-output>
        </test-method> <!-- testAddFile -->
        <test-method signature="testDirectoryConstructor()[pri:0, instance:TestDirectory@7cbd213e]" started-at="2023-01-24T17:15:10 SAST" name="testDirectoryConstructor" finished-at="2023-01-24T17:15:10 SAST" duration-ms="2" status="PASS">
          <reporter-output>
          </reporter-output>
        </test-method> <!-- testDirectoryConstructor -->
        <test-method signature="testGetFiles()[pri:0, instance:TestDirectory@7cbd213e]" started-at="2023-01-24T17:15:10 SAST" name="testGetFiles" finished-at="2023-01-24T17:15:10 SAST" duration-ms="0" status="PASS">
          <reporter-output>
          </reporter-output>
        </test-method> <!-- testGetFiles -->
        <test-method signature="testSize()[pri:0, instance:TestDirectory@7cbd213e]" started-at="2023-01-24T17:15:10 SAST" name="testSize" finished-at="2023-01-24T17:15:10 SAST" duration-ms="0" status="PASS">
          <reporter-output>
          </reporter-output>
        </test-method> <!-- testSize -->
      </class> <!-- TestDirectory -->
    </test> <!-- Command line test -->
  </suite> <!-- Command line suite -->
</testng-results>
